<?xml version="1.0" encoding="UTF-8"?>
<testng-results skipped="0" failed="0" ignored="0" total="1" passed="1">
  <reporter-output>
  </reporter-output>
  <suite name="Default suite" duration-ms="20609" started-at="2020-11-25T17:29:51 ICT" finished-at="2020-11-25T17:30:11 ICT">
    <groups>
    </groups>
    <test name="Default test" duration-ms="20609" started-at="2020-11-25T17:29:51 ICT" finished-at="2020-11-25T17:30:11 ICT">
      <class name="PanelOrder.checkValidationTest">
        <test-method status="PASS" signature="setUp()[pri:0, instance:PanelOrder.checkValidationTest@5bc79255]" name="setUp" is-config="true" duration-ms="6945" started-at="2020-11-25T17:29:51 ICT" finished-at="2020-11-25T17:29:58 ICT">
          <reporter-output>
          </reporter-output>
        </test-method> <!-- setUp -->
        <test-method status="PASS" signature="checkValidation_KL()[pri:0, instance:PanelOrder.checkValidationTest@5bc79255]" name="checkValidation_KL" duration-ms="13642" started-at="2020-11-25T17:29:58 ICT" finished-at="2020-11-25T17:30:11 ICT">
          <reporter-output>
          </reporter-output>
        </test-method> <!-- checkValidation_KL -->
      </class> <!-- PanelOrder.checkValidationTest -->
    </test> <!-- Default test -->
  </suite> <!-- Default suite -->
</testng-results>
